Compiling the C compiler identification source file "CMakeCCompilerId.c" failed.
Compiler: /Applications/Xcode.app/Contents/Developer/Toolchains/XcodeDefault.xctoolchain/usr/bin/cc 
Build flags: 
Id flags:  

The output was:
1
ld: library not found for -lSystem
clang: error: linker command failed with exit code 1 (use -v to see invocation)


Compiling the CXX compiler identification source file "CMakeCXXCompilerId.cpp" failed.
Compiler: /Applications/Xcode.app/Contents/Developer/Toolchains/XcodeDefault.xctoolchain/usr/bin/c++ 
Build flags: 
Id flags:  

The output was:
1
ld: library not found for -lc++
clang: error: linker command failed with exit code 1 (use -v to see invocation)


Determining if the include file argz.h exists failed with the following output:
Change Dir: /Users/caipeng/work/mini-clang/llvm/build/CMakeFiles/CMakeTmp

Run Build Command(s):/usr/bin/make -f Makefile cmTC_896e6/fast && /Applications/Xcode.app/Contents/Developer/usr/bin/make  -f CMakeFiles/cmTC_896e6.dir/build.make CMakeFiles/cmTC_896e6.dir/build
Building C object CMakeFiles/cmTC_896e6.dir/CheckIncludeFile.c.o
/Applications/Xcode.app/Contents/Developer/Toolchains/XcodeDefault.xctoolchain/usr/bin/cc   -arch arm64 -isysroot /Applications/Xcode.app/Contents/Developer/Platforms/MacOSX.platform/Developer/SDKs/MacOSX13.0.sdk -std=gnu99 -MD -MT CMakeFiles/cmTC_896e6.dir/CheckIncludeFile.c.o -MF CMakeFiles/cmTC_896e6.dir/CheckIncludeFile.c.o.d -o CMakeFiles/cmTC_896e6.dir/CheckIncludeFile.c.o -c /Users/caipeng/work/mini-clang/llvm/build/CMakeFiles/CMakeTmp/CheckIncludeFile.c
/Users/caipeng/work/mini-clang/llvm/build/CMakeFiles/CMakeTmp/CheckIncludeFile.c:1:10: fatal error: 'argz.h' file not found
#include <argz.h>
         ^~~~~~~~
1 error generated.
make[1]: *** [CMakeFiles/cmTC_896e6.dir/CheckIncludeFile.c.o] Error 1
make: *** [cmTC_896e6/fast] Error 2



Determining if the include file dl.h exists failed with the following output:
Change Dir: /Users/caipeng/work/mini-clang/llvm/build/CMakeFiles/CMakeTmp

Run Build Command(s):/usr/bin/make -f Makefile cmTC_7c22f/fast && /Applications/Xcode.app/Contents/Developer/usr/bin/make  -f CMakeFiles/cmTC_7c22f.dir/build.make CMakeFiles/cmTC_7c22f.dir/build
Building C object CMakeFiles/cmTC_7c22f.dir/CheckIncludeFile.c.o
/Applications/Xcode.app/Contents/Developer/Toolchains/XcodeDefault.xctoolchain/usr/bin/cc   -arch arm64 -isysroot /Applications/Xcode.app/Contents/Developer/Platforms/MacOSX.platform/Developer/SDKs/MacOSX13.0.sdk -std=gnu99 -MD -MT CMakeFiles/cmTC_7c22f.dir/CheckIncludeFile.c.o -MF CMakeFiles/cmTC_7c22f.dir/CheckIncludeFile.c.o.d -o CMakeFiles/cmTC_7c22f.dir/CheckIncludeFile.c.o -c /Users/caipeng/work/mini-clang/llvm/build/CMakeFiles/CMakeTmp/CheckIncludeFile.c
/Users/caipeng/work/mini-clang/llvm/build/CMakeFiles/CMakeTmp/CheckIncludeFile.c:1:10: fatal error: 'dl.h' file not found
#include <dl.h>
         ^~~~~~
1 error generated.
make[1]: *** [CMakeFiles/cmTC_7c22f.dir/CheckIncludeFile.c.o] Error 1
make: *** [cmTC_7c22f/fast] Error 2



Determining if the include file dld.h exists failed with the following output:
Change Dir: /Users/caipeng/work/mini-clang/llvm/build/CMakeFiles/CMakeTmp

Run Build Command(s):/usr/bin/make -f Makefile cmTC_820d0/fast && /Applications/Xcode.app/Contents/Developer/usr/bin/make  -f CMakeFiles/cmTC_820d0.dir/build.make CMakeFiles/cmTC_820d0.dir/build
Building C object CMakeFiles/cmTC_820d0.dir/CheckIncludeFile.c.o
/Applications/Xcode.app/Contents/Developer/Toolchains/XcodeDefault.xctoolchain/usr/bin/cc   -arch arm64 -isysroot /Applications/Xcode.app/Contents/Developer/Platforms/MacOSX.platform/Developer/SDKs/MacOSX13.0.sdk -std=gnu99 -MD -MT CMakeFiles/cmTC_820d0.dir/CheckIncludeFile.c.o -MF CMakeFiles/cmTC_820d0.dir/CheckIncludeFile.c.o.d -o CMakeFiles/cmTC_820d0.dir/CheckIncludeFile.c.o -c /Users/caipeng/work/mini-clang/llvm/build/CMakeFiles/CMakeTmp/CheckIncludeFile.c
/Users/caipeng/work/mini-clang/llvm/build/CMakeFiles/CMakeTmp/CheckIncludeFile.c:1:10: fatal error: 'dld.h' file not found
#include <dld.h>
         ^~~~~~~
1 error generated.
make[1]: *** [CMakeFiles/cmTC_820d0.dir/CheckIncludeFile.c.o] Error 1
make: *** [cmTC_820d0/fast] Error 2



Determining if the include file link.h exists failed with the following output:
Change Dir: /Users/caipeng/work/mini-clang/llvm/build/CMakeFiles/CMakeTmp

Run Build Command(s):/usr/bin/make -f Makefile cmTC_f432b/fast && /Applications/Xcode.app/Contents/Developer/usr/bin/make  -f CMakeFiles/cmTC_f432b.dir/build.make CMakeFiles/cmTC_f432b.dir/build
Building C object CMakeFiles/cmTC_f432b.dir/CheckIncludeFile.c.o
/Applications/Xcode.app/Contents/Developer/Toolchains/XcodeDefault.xctoolchain/usr/bin/cc   -arch arm64 -isysroot /Applications/Xcode.app/Contents/Developer/Platforms/MacOSX.platform/Developer/SDKs/MacOSX13.0.sdk -std=gnu99 -MD -MT CMakeFiles/cmTC_f432b.dir/CheckIncludeFile.c.o -MF CMakeFiles/cmTC_f432b.dir/CheckIncludeFile.c.o.d -o CMakeFiles/cmTC_f432b.dir/CheckIncludeFile.c.o -c /Users/caipeng/work/mini-clang/llvm/build/CMakeFiles/CMakeTmp/CheckIncludeFile.c
/Users/caipeng/work/mini-clang/llvm/build/CMakeFiles/CMakeTmp/CheckIncludeFile.c:1:10: fatal error: 'link.h' file not found
#include <link.h>
         ^~~~~~~~
1 error generated.
make[1]: *** [CMakeFiles/cmTC_f432b.dir/CheckIncludeFile.c.o] Error 1
make: *** [cmTC_f432b/fast] Error 2



Determining if the include file malloc.h exists failed with the following output:
Change Dir: /Users/caipeng/work/mini-clang/llvm/build/CMakeFiles/CMakeTmp

Run Build Command(s):/usr/bin/make -f Makefile cmTC_6e8f0/fast && /Applications/Xcode.app/Contents/Developer/usr/bin/make  -f CMakeFiles/cmTC_6e8f0.dir/build.make CMakeFiles/cmTC_6e8f0.dir/build
Building C object CMakeFiles/cmTC_6e8f0.dir/CheckIncludeFile.c.o
/Applications/Xcode.app/Contents/Developer/Toolchains/XcodeDefault.xctoolchain/usr/bin/cc   -arch arm64 -isysroot /Applications/Xcode.app/Contents/Developer/Platforms/MacOSX.platform/Developer/SDKs/MacOSX13.0.sdk -std=gnu99 -MD -MT CMakeFiles/cmTC_6e8f0.dir/CheckIncludeFile.c.o -MF CMakeFiles/cmTC_6e8f0.dir/CheckIncludeFile.c.o.d -o CMakeFiles/cmTC_6e8f0.dir/CheckIncludeFile.c.o -c /Users/caipeng/work/mini-clang/llvm/build/CMakeFiles/CMakeTmp/CheckIncludeFile.c
/Users/caipeng/work/mini-clang/llvm/build/CMakeFiles/CMakeTmp/CheckIncludeFile.c:1:10: fatal error: 'malloc.h' file not found
#include <malloc.h>
         ^~~~~~~~~~
1 error generated.
make[1]: *** [CMakeFiles/cmTC_6e8f0.dir/CheckIncludeFile.c.o] Error 1
make: *** [cmTC_6e8f0/fast] Error 2



Determining if the include file ndir.h exists failed with the following output:
Change Dir: /Users/caipeng/work/mini-clang/llvm/build/CMakeFiles/CMakeTmp

Run Build Command(s):/usr/bin/make -f Makefile cmTC_bac0a/fast && /Applications/Xcode.app/Contents/Developer/usr/bin/make  -f CMakeFiles/cmTC_bac0a.dir/build.make CMakeFiles/cmTC_bac0a.dir/build
Building C object CMakeFiles/cmTC_bac0a.dir/CheckIncludeFile.c.o
/Applications/Xcode.app/Contents/Developer/Toolchains/XcodeDefault.xctoolchain/usr/bin/cc   -arch arm64 -isysroot /Applications/Xcode.app/Contents/Developer/Platforms/MacOSX.platform/Developer/SDKs/MacOSX13.0.sdk -std=gnu99 -MD -MT CMakeFiles/cmTC_bac0a.dir/CheckIncludeFile.c.o -MF CMakeFiles/cmTC_bac0a.dir/CheckIncludeFile.c.o.d -o CMakeFiles/cmTC_bac0a.dir/CheckIncludeFile.c.o -c /Users/caipeng/work/mini-clang/llvm/build/CMakeFiles/CMakeTmp/CheckIncludeFile.c
/Users/caipeng/work/mini-clang/llvm/build/CMakeFiles/CMakeTmp/CheckIncludeFile.c:1:10: fatal error: 'ndir.h' file not found
#include <ndir.h>
         ^~~~~~~~
1 error generated.
make[1]: *** [CMakeFiles/cmTC_bac0a.dir/CheckIncludeFile.c.o] Error 1
make: *** [cmTC_bac0a/fast] Error 2



Determining if the include file sys/dl.h exists failed with the following output:
Change Dir: /Users/caipeng/work/mini-clang/llvm/build/CMakeFiles/CMakeTmp

Run Build Command(s):/usr/bin/make -f Makefile cmTC_cb93e/fast && /Applications/Xcode.app/Contents/Developer/usr/bin/make  -f CMakeFiles/cmTC_cb93e.dir/build.make CMakeFiles/cmTC_cb93e.dir/build
Building C object CMakeFiles/cmTC_cb93e.dir/CheckIncludeFile.c.o
/Applications/Xcode.app/Contents/Developer/Toolchains/XcodeDefault.xctoolchain/usr/bin/cc   -arch arm64 -isysroot /Applications/Xcode.app/Contents/Developer/Platforms/MacOSX.platform/Developer/SDKs/MacOSX13.0.sdk -std=gnu99 -MD -MT CMakeFiles/cmTC_cb93e.dir/CheckIncludeFile.c.o -MF CMakeFiles/cmTC_cb93e.dir/CheckIncludeFile.c.o.d -o CMakeFiles/cmTC_cb93e.dir/CheckIncludeFile.c.o -c /Users/caipeng/work/mini-clang/llvm/build/CMakeFiles/CMakeTmp/CheckIncludeFile.c
/Users/caipeng/work/mini-clang/llvm/build/CMakeFiles/CMakeTmp/CheckIncludeFile.c:1:10: fatal error: 'sys/dl.h' file not found
#include <sys/dl.h>
         ^~~~~~~~~~
1 error generated.
make[1]: *** [CMakeFiles/cmTC_cb93e.dir/CheckIncludeFile.c.o] Error 1
make: *** [cmTC_cb93e/fast] Error 2



Determining if the include file sys/ndir.h exists failed with the following output:
Change Dir: /Users/caipeng/work/mini-clang/llvm/build/CMakeFiles/CMakeTmp

Run Build Command(s):/usr/bin/make -f Makefile cmTC_80581/fast && /Applications/Xcode.app/Contents/Developer/usr/bin/make  -f CMakeFiles/cmTC_80581.dir/build.make CMakeFiles/cmTC_80581.dir/build
Building C object CMakeFiles/cmTC_80581.dir/CheckIncludeFile.c.o
/Applications/Xcode.app/Contents/Developer/Toolchains/XcodeDefault.xctoolchain/usr/bin/cc   -arch arm64 -isysroot /Applications/Xcode.app/Contents/Developer/Platforms/MacOSX.platform/Developer/SDKs/MacOSX13.0.sdk -std=gnu99 -MD -MT CMakeFiles/cmTC_80581.dir/CheckIncludeFile.c.o -MF CMakeFiles/cmTC_80581.dir/CheckIncludeFile.c.o.d -o CMakeFiles/cmTC_80581.dir/CheckIncludeFile.c.o -c /Users/caipeng/work/mini-clang/llvm/build/CMakeFiles/CMakeTmp/CheckIncludeFile.c
/Users/caipeng/work/mini-clang/llvm/build/CMakeFiles/CMakeTmp/CheckIncludeFile.c:1:10: fatal error: 'sys/ndir.h' file not found
#include <sys/ndir.h>
         ^~~~~~~~~~~~
1 error generated.
make[1]: *** [CMakeFiles/cmTC_80581.dir/CheckIncludeFile.c.o] Error 1
make: *** [cmTC_80581/fast] Error 2



Determining if the include file windows.h exists failed with the following output:
Change Dir: /Users/caipeng/work/mini-clang/llvm/build/CMakeFiles/CMakeTmp

Run Build Command(s):/usr/bin/make -f Makefile cmTC_0bbe1/fast && /Applications/Xcode.app/Contents/Developer/usr/bin/make  -f CMakeFiles/cmTC_0bbe1.dir/build.make CMakeFiles/cmTC_0bbe1.dir/build
Building C object CMakeFiles/cmTC_0bbe1.dir/CheckIncludeFile.c.o
/Applications/Xcode.app/Contents/Developer/Toolchains/XcodeDefault.xctoolchain/usr/bin/cc   -arch arm64 -isysroot /Applications/Xcode.app/Contents/Developer/Platforms/MacOSX.platform/Developer/SDKs/MacOSX13.0.sdk -std=gnu99 -MD -MT CMakeFiles/cmTC_0bbe1.dir/CheckIncludeFile.c.o -MF CMakeFiles/cmTC_0bbe1.dir/CheckIncludeFile.c.o.d -o CMakeFiles/cmTC_0bbe1.dir/CheckIncludeFile.c.o -c /Users/caipeng/work/mini-clang/llvm/build/CMakeFiles/CMakeTmp/CheckIncludeFile.c
/Users/caipeng/work/mini-clang/llvm/build/CMakeFiles/CMakeTmp/CheckIncludeFile.c:1:10: fatal error: 'windows.h' file not found
#include <windows.h>
         ^~~~~~~~~~~
1 error generated.
make[1]: *** [CMakeFiles/cmTC_0bbe1.dir/CheckIncludeFile.c.o] Error 1
make: *** [cmTC_0bbe1/fast] Error 2



Determining if the isinf exist failed with the following output:
Change Dir: /Users/caipeng/work/mini-clang/llvm/build/CMakeFiles/CMakeTmp

Run Build Command(s):/usr/bin/make -f Makefile cmTC_5c453/fast && /Applications/Xcode.app/Contents/Developer/usr/bin/make  -f CMakeFiles/cmTC_5c453.dir/build.make CMakeFiles/cmTC_5c453.dir/build
Building C object CMakeFiles/cmTC_5c453.dir/CheckSymbolExists.c.o
/Applications/Xcode.app/Contents/Developer/Toolchains/XcodeDefault.xctoolchain/usr/bin/cc   -arch arm64 -isysroot /Applications/Xcode.app/Contents/Developer/Platforms/MacOSX.platform/Developer/SDKs/MacOSX13.0.sdk -std=gnu99 -MD -MT CMakeFiles/cmTC_5c453.dir/CheckSymbolExists.c.o -MF CMakeFiles/cmTC_5c453.dir/CheckSymbolExists.c.o.d -o CMakeFiles/cmTC_5c453.dir/CheckSymbolExists.c.o -c /Users/caipeng/work/mini-clang/llvm/build/CMakeFiles/CMakeTmp/CheckSymbolExists.c
/Users/caipeng/work/mini-clang/llvm/build/CMakeFiles/CMakeTmp/CheckSymbolExists.c:2:10: fatal error: 'cmath' file not found
#include <cmath>
         ^~~~~~~
1 error generated.
make[1]: *** [CMakeFiles/cmTC_5c453.dir/CheckSymbolExists.c.o] Error 1
make: *** [cmTC_5c453/fast] Error 2


File /Users/caipeng/work/mini-clang/llvm/build/CMakeFiles/CMakeTmp/CheckSymbolExists.c:
/* */
#include <cmath>

int main(int argc, char** argv)
{
  (void)argv;
#ifndef isinf
  return ((int*)(&isinf))[argc];
#else
  (void)argc;
  return 0;
#endif
}
Determining if the isnan exist failed with the following output:
Change Dir: /Users/caipeng/work/mini-clang/llvm/build/CMakeFiles/CMakeTmp

Run Build Command(s):/usr/bin/make -f Makefile cmTC_a42d0/fast && /Applications/Xcode.app/Contents/Developer/usr/bin/make  -f CMakeFiles/cmTC_a42d0.dir/build.make CMakeFiles/cmTC_a42d0.dir/build
Building C object CMakeFiles/cmTC_a42d0.dir/CheckSymbolExists.c.o
/Applications/Xcode.app/Contents/Developer/Toolchains/XcodeDefault.xctoolchain/usr/bin/cc   -arch arm64 -isysroot /Applications/Xcode.app/Contents/Developer/Platforms/MacOSX.platform/Developer/SDKs/MacOSX13.0.sdk -std=gnu99 -MD -MT CMakeFiles/cmTC_a42d0.dir/CheckSymbolExists.c.o -MF CMakeFiles/cmTC_a42d0.dir/CheckSymbolExists.c.o.d -o CMakeFiles/cmTC_a42d0.dir/CheckSymbolExists.c.o -c /Users/caipeng/work/mini-clang/llvm/build/CMakeFiles/CMakeTmp/CheckSymbolExists.c
/Users/caipeng/work/mini-clang/llvm/build/CMakeFiles/CMakeTmp/CheckSymbolExists.c:2:10: fatal error: 'cmath' file not found
#include <cmath>
         ^~~~~~~
1 error generated.
make[1]: *** [CMakeFiles/cmTC_a42d0.dir/CheckSymbolExists.c.o] Error 1
make: *** [cmTC_a42d0/fast] Error 2


File /Users/caipeng/work/mini-clang/llvm/build/CMakeFiles/CMakeTmp/CheckSymbolExists.c:
/* */
#include <cmath>

int main(int argc, char** argv)
{
  (void)argv;
#ifndef isnan
  return ((int*)(&isnan))[argc];
#else
  (void)argc;
  return 0;
#endif
}
Determining if the mallinfo exist failed with the following output:
Change Dir: /Users/caipeng/work/mini-clang/llvm/build/CMakeFiles/CMakeTmp

Run Build Command(s):/usr/bin/make -f Makefile cmTC_4d8fd/fast && /Applications/Xcode.app/Contents/Developer/usr/bin/make  -f CMakeFiles/cmTC_4d8fd.dir/build.make CMakeFiles/cmTC_4d8fd.dir/build
Building C object CMakeFiles/cmTC_4d8fd.dir/CheckSymbolExists.c.o
/Applications/Xcode.app/Contents/Developer/Toolchains/XcodeDefault.xctoolchain/usr/bin/cc   -arch arm64 -isysroot /Applications/Xcode.app/Contents/Developer/Platforms/MacOSX.platform/Developer/SDKs/MacOSX13.0.sdk -std=gnu99 -MD -MT CMakeFiles/cmTC_4d8fd.dir/CheckSymbolExists.c.o -MF CMakeFiles/cmTC_4d8fd.dir/CheckSymbolExists.c.o.d -o CMakeFiles/cmTC_4d8fd.dir/CheckSymbolExists.c.o -c /Users/caipeng/work/mini-clang/llvm/build/CMakeFiles/CMakeTmp/CheckSymbolExists.c
/Users/caipeng/work/mini-clang/llvm/build/CMakeFiles/CMakeTmp/CheckSymbolExists.c:2:10: fatal error: 'malloc.h' file not found
#include <malloc.h>
         ^~~~~~~~~~
1 error generated.
make[1]: *** [CMakeFiles/cmTC_4d8fd.dir/CheckSymbolExists.c.o] Error 1
make: *** [cmTC_4d8fd/fast] Error 2


File /Users/caipeng/work/mini-clang/llvm/build/CMakeFiles/CMakeTmp/CheckSymbolExists.c:
/* */
#include <malloc.h>

int main(int argc, char** argv)
{
  (void)argv;
#ifndef mallinfo
  return ((int*)(&mallinfo))[argc];
#else
  (void)argc;
  return 0;
#endif
}
Determining if the strerror_s exist failed with the following output:
Change Dir: /Users/caipeng/work/mini-clang/llvm/build/CMakeFiles/CMakeTmp

Run Build Command(s):/usr/bin/make -f Makefile cmTC_26f4c/fast && /Applications/Xcode.app/Contents/Developer/usr/bin/make  -f CMakeFiles/cmTC_26f4c.dir/build.make CMakeFiles/cmTC_26f4c.dir/build
Building C object CMakeFiles/cmTC_26f4c.dir/CheckSymbolExists.c.o
/Applications/Xcode.app/Contents/Developer/Toolchains/XcodeDefault.xctoolchain/usr/bin/cc   -arch arm64 -isysroot /Applications/Xcode.app/Contents/Developer/Platforms/MacOSX.platform/Developer/SDKs/MacOSX13.0.sdk -std=gnu99 -MD -MT CMakeFiles/cmTC_26f4c.dir/CheckSymbolExists.c.o -MF CMakeFiles/cmTC_26f4c.dir/CheckSymbolExists.c.o.d -o CMakeFiles/cmTC_26f4c.dir/CheckSymbolExists.c.o -c /Users/caipeng/work/mini-clang/llvm/build/CMakeFiles/CMakeTmp/CheckSymbolExists.c
/Users/caipeng/work/mini-clang/llvm/build/CMakeFiles/CMakeTmp/CheckSymbolExists.c:8:19: error: use of undeclared identifier 'strerror_s'; did you mean 'strerror_r'?
  return ((int*)(&strerror_s))[argc];
                  ^~~~~~~~~~
                  strerror_r
/Applications/Xcode.app/Contents/Developer/Platforms/MacOSX.platform/Developer/SDKs/MacOSX13.0.sdk/usr/include/string.h:116:6: note: 'strerror_r' declared here
int      strerror_r(int __errnum, char *__strerrbuf, size_t __buflen);
         ^
1 error generated.
make[1]: *** [CMakeFiles/cmTC_26f4c.dir/CheckSymbolExists.c.o] Error 1
make: *** [cmTC_26f4c/fast] Error 2


File /Users/caipeng/work/mini-clang/llvm/build/CMakeFiles/CMakeTmp/CheckSymbolExists.c:
/* */
#include <string.h>

int main(int argc, char** argv)
{
  (void)argv;
#ifndef strerror_s
  return ((int*)(&strerror_s))[argc];
#else
  (void)argc;
  return 0;
#endif
}
Determining if the __GLIBC__ exist failed with the following output:
Change Dir: /Users/caipeng/work/mini-clang/llvm/build/CMakeFiles/CMakeTmp

Run Build Command(s):/usr/bin/make -f Makefile cmTC_82aed/fast && /Applications/Xcode.app/Contents/Developer/usr/bin/make  -f CMakeFiles/cmTC_82aed.dir/build.make CMakeFiles/cmTC_82aed.dir/build
Building C object CMakeFiles/cmTC_82aed.dir/CheckSymbolExists.c.o
/Applications/Xcode.app/Contents/Developer/Toolchains/XcodeDefault.xctoolchain/usr/bin/cc   -arch arm64 -isysroot /Applications/Xcode.app/Contents/Developer/Platforms/MacOSX.platform/Developer/SDKs/MacOSX13.0.sdk -std=gnu99 -MD -MT CMakeFiles/cmTC_82aed.dir/CheckSymbolExists.c.o -MF CMakeFiles/cmTC_82aed.dir/CheckSymbolExists.c.o.d -o CMakeFiles/cmTC_82aed.dir/CheckSymbolExists.c.o -c /Users/caipeng/work/mini-clang/llvm/build/CMakeFiles/CMakeTmp/CheckSymbolExists.c
/Users/caipeng/work/mini-clang/llvm/build/CMakeFiles/CMakeTmp/CheckSymbolExists.c:8:19: error: use of undeclared identifier '__GLIBC__'
  return ((int*)(&__GLIBC__))[argc];
                  ^
1 error generated.
make[1]: *** [CMakeFiles/cmTC_82aed.dir/CheckSymbolExists.c.o] Error 1
make: *** [cmTC_82aed/fast] Error 2


File /Users/caipeng/work/mini-clang/llvm/build/CMakeFiles/CMakeTmp/CheckSymbolExists.c:
/* */
#include <stdio.h>

int main(int argc, char** argv)
{
  (void)argv;
#ifndef __GLIBC__
  return ((int*)(&__GLIBC__))[argc];
#else
  (void)argc;
  return 0;
#endif
}
